
--- 2024-04-25T00:46:14.094Z debug
🪵  Writing logs to "/home/officialmofabs/.config/.wrangler/logs/wrangler-2024-04-25_00-46-13_082.log"
---

--- 2024-04-25T00:46:14.094Z debug
Failed to load .env file ".env": Error: ENOENT: no such file or directory, open '.env'
    at Object.openSync (node:fs:596:3)
    at Object.readFileSync (node:fs:464:35)
    at tryLoadDotEnv (/home/officialmofabs/dev.git/cloudflare-workers-sdk/dloudflare-dev/node_modules/wrangler/wrangler-dist/cli.js:124915:72)
    at loadDotEnv (/home/officialmofabs/dev.git/cloudflare-workers-sdk/dloudflare-dev/node_modules/wrangler/wrangler-dist/cli.js:124924:12)
    at /home/officialmofabs/dev.git/cloudflare-workers-sdk/dloudflare-dev/node_modules/wrangler/wrangler-dist/cli.js:167363:20
    at /home/officialmofabs/dev.git/cloudflare-workers-sdk/dloudflare-dev/node_modules/wrangler/wrangler-dist/cli.js:132342:16
    at maybeAsyncResult (/home/officialmofabs/dev.git/cloudflare-workers-sdk/dloudflare-dev/node_modules/wrangler/wrangler-dist/cli.js:130563:44)
    at /home/officialmofabs/dev.git/cloudflare-workers-sdk/dloudflare-dev/node_modules/wrangler/wrangler-dist/cli.js:132341:14
    at /home/officialmofabs/dev.git/cloudflare-workers-sdk/dloudflare-dev/node_modules/wrangler/wrangler-dist/cli.js:130550:22
    at Array.reduce (<anonymous>) {
  errno: -2,
  syscall: 'open',
  code: 'ENOENT',
  path: '.env'
}
---

--- 2024-04-25T00:46:14.297Z log
 ⛅️ wrangler 3.52.0
-------------------
---

--- 2024-04-25T00:46:14.310Z log
Attempting to login via OAuth...
---

--- 2024-04-25T00:46:14.384Z log
Opening a link in your default browser: https://dash.cloudflare.com/oauth2/auth?response_type=code&client_id=54d11594-84e4-41aa-b438-e81b8fa78ee7&redirect_uri=http%3A%2F%2Flocalhost%3A8976%2Foauth%2Fcallback&scope=account%3Aread%20user%3Aread%20workers%3Awrite%20workers_kv%3Awrite%20workers_routes%3Awrite%20workers_scripts%3Awrite%20workers_tail%3Aread%20d1%3Awrite%20pages%3Awrite%20zone%3Aread%20ssl_certs%3Awrite%20constellation%3Awrite%20ai%3Awrite%20queues%3Awrite%20offline_access&state=mQPO3Aawyl03lJpd-VTmF_3o-OMKoAib&code_challenge=2gz8kXo0loA4Bjpexo0uACIm5f2xCERV5qB1oGNPGpY&code_challenge_method=S256
---

--- 2024-04-25T00:48:14.893Z error
[31m✘ [41;31m[[41;97mERROR[41;31m][0m [1mTimed out waiting for authorization code, please try again.[0m


---

--- 2024-04-25T00:48:14.980Z debug
Metrics dispatcher: Dispatching disabled - would have sent {"type":"event","name":"login user","properties":{}}.
---
